#
# There is insufficient memory for the Java Runtime Environment to continue.
# Native memory allocation (malloc) failed to allocate 333296 bytes for Chunk::new
# Possible reasons:
#   The system is out of physical RAM or swap space
#   The process is running with CompressedOops enabled, and the Java Heap may be blocking the growth of the native heap
# Possible solutions:
#   Reduce memory load on the system
#   Increase physical memory or swap space
#   Check if swap backing store is full
#   Decrease Java heap size (-Xmx/-Xms)
#   Decrease number of Java threads
#   Decrease Java thread stack sizes (-Xss)
#   Set larger code cache with -XX:ReservedCodeCacheSize=
#   JVM is running with Zero Based Compressed Oops mode in which the Java heap is
#     placed in the first 32GB address space. The Java Heap base address is the
#     maximum limit for the native heap growth. Please use -XX:HeapBaseMinAddress
#     to set the Java Heap base and to place the Java Heap above 32GB virtual address.
# This output file may be truncated or incomplete.
#
#  Out of Memory Error (arena.cpp:189), pid=23380, tid=23988
#
# JRE version: Java(TM) SE Runtime Environment (17.0.7+8) (build 17.0.7+8-LTS-224)
# Java VM: Java HotSpot(TM) 64-Bit Server VM (17.0.7+8-LTS-224, mixed mode, sharing, tiered, compressed oops, compressed class ptrs, g1 gc, windows-amd64)
# No core dump will be written. Minidumps are not enabled by default on client versions of Windows
#

---------------  S U M M A R Y ------------

Command Line: -javaagent:C:\Program Files\JetBrains\IntelliJ IDEA 2023.1.3\lib\idea_rt.jar=50937:C:\Program Files\JetBrains\IntelliJ IDEA 2023.1.3\bin -Dfile.encoding=UTF-8 BJ_0x0D_check.BJ_11559

Host: 11th Gen Intel(R) Core(TM) i7-1195G7 @ 2.90GHz, 8 cores, 15G,  Windows 11 , 64 bit Build 22621 (10.0.22621.3958)
Time: Sun Oct  6 16:17:18 2024  Windows 11 , 64 bit Build 22621 (10.0.22621.3958) elapsed time: 1.040297 seconds (0d 0h 0m 1s)

---------------  T H R E A D  ---------------

Current thread (0x0000024df12d14a0):  JavaThread "C2 CompilerThread1" daemon [_thread_in_native, id=23988, stack(0x000000fb58d00000,0x000000fb58e00000)]


Current CompileTask:
C2:   1040  226       4       java.util.HashMap::put (13 bytes)

Stack: [0x000000fb58d00000,0x000000fb58e00000]
Native frames: (J=compiled Java code, j=interpreted, Vv=VM code, C=native code)
V  [jvm.dll+0x676a4a]
V  [jvm.dll+0x7d74f4]
V  [jvm.dll+0x7d8c9e]
V  [jvm.dll+0x7d9303]
V  [jvm.dll+0x2452c5]
V  [jvm.dll+0xaaa2b]
V  [jvm.dll+0xaafcc]
V  [jvm.dll+0x3613cf]
V  [jvm.dll+0x32bba1]
V  [jvm.dll+0x32b03a]
V  [jvm.dll+0x217acf]
V  [jvm.dll+0x216f01]
V  [jvm.dll+0x1a35e0]
V  [jvm.dll+0x226a6e]
V  [jvm.dll+0x224e15]
V  [jvm.dll+0x78d05c]
V  [jvm.dll+0x78759a]
V  [jvm.dll+0x675875]
C  [ucrtbase.dll+0x29333]
C  [KERNEL32.DLL+0x1257d]
C  [ntdll.dll+0x5af28]


---------------  P R O C E S S  ---------------

Threads class SMR info:
_java_thread_list=0x0000024df12bbaa0, length=14, elements={
0x0000024dcdbd5e10, 0x0000024df0748b30, 0x0000024df07494e0, 0x0000024df10a5a80,
0x0000024df10a6340, 0x0000024df10a8d00, 0x0000024df10a96b0, 0x0000024df10ad890,
0x0000024df10ae280, 0x0000024df10c2390, 0x0000024df0731f30, 0x0000024df1222bd0,
0x0000024df12230a0, 0x0000024df12d14a0
}

Java Threads: ( => current thread )
  0x0000024dcdbd5e10 JavaThread "main" [_thread_in_native, id=21032, stack(0x000000fb57c00000,0x000000fb57d00000)]
  0x0000024df0748b30 JavaThread "Reference Handler" daemon [_thread_blocked, id=24840, stack(0x000000fb58300000,0x000000fb58400000)]
  0x0000024df07494e0 JavaThread "Finalizer" daemon [_thread_blocked, id=12328, stack(0x000000fb58400000,0x000000fb58500000)]
  0x0000024df10a5a80 JavaThread "Signal Dispatcher" daemon [_thread_blocked, id=20496, stack(0x000000fb58500000,0x000000fb58600000)]
  0x0000024df10a6340 JavaThread "Attach Listener" daemon [_thread_blocked, id=1092, stack(0x000000fb58600000,0x000000fb58700000)]
  0x0000024df10a8d00 JavaThread "Service Thread" daemon [_thread_blocked, id=28620, stack(0x000000fb58700000,0x000000fb58800000)]
  0x0000024df10a96b0 JavaThread "Monitor Deflation Thread" daemon [_thread_blocked, id=11784, stack(0x000000fb58800000,0x000000fb58900000)]
  0x0000024df10ad890 JavaThread "C2 CompilerThread0" daemon [_thread_blocked, id=18760, stack(0x000000fb58900000,0x000000fb58a00000)]
  0x0000024df10ae280 JavaThread "C1 CompilerThread0" daemon [_thread_blocked, id=21960, stack(0x000000fb58a00000,0x000000fb58b00000)]
  0x0000024df10c2390 JavaThread "Sweeper thread" daemon [_thread_blocked, id=12416, stack(0x000000fb58b00000,0x000000fb58c00000)]
  0x0000024df0731f30 JavaThread "Common-Cleaner" daemon [_thread_blocked, id=27408, stack(0x000000fb58c00000,0x000000fb58d00000)]
  0x0000024df1222bd0 JavaThread "Monitor Ctrl-Break" daemon [_thread_in_native, id=25516, stack(0x000000fb58e00000,0x000000fb58f00000)]
  0x0000024df12230a0 JavaThread "Notification Thread" daemon [_thread_blocked, id=21528, stack(0x000000fb58f00000,0x000000fb59000000)]
=>0x0000024df12d14a0 JavaThread "C2 CompilerThread1" daemon [_thread_in_native, id=23988, stack(0x000000fb58d00000,0x000000fb58e00000)]

Other Threads:
  0x0000024df0743190 VMThread "VM Thread" [stack: 0x000000fb58200000,0x000000fb58300000] [id=10380]
  0x0000024dcdc64830 WatcherThread [stack: 0x000000fb59000000,0x000000fb59100000] [id=19976]
  0x0000024dcdc403f0 GCTaskThread "GC Thread#0" [stack: 0x000000fb57d00000,0x000000fb57e00000] [id=14356]
  0x0000024dcdc50dc0 ConcurrentGCThread "G1 Main Marker" [stack: 0x000000fb57e00000,0x000000fb57f00000] [id=6960]
  0x0000024dcdc53e90 ConcurrentGCThread "G1 Conc#0" [stack: 0x000000fb57f00000,0x000000fb58000000] [id=22816]
  0x0000024dcdc9e980 ConcurrentGCThread "G1 Refine#0" [stack: 0x000000fb58000000,0x000000fb58100000] [id=28172]
  0x0000024df05fd520 ConcurrentGCThread "G1 Service" [stack: 0x000000fb58100000,0x000000fb58200000] [id=16932]

Threads with active compile tasks:
C2 CompilerThread1     1057  226       4       java.util.HashMap::put (13 bytes)

VM state: not at safepoint (normal execution)

VM Mutex/Monitor currently owned by a thread: None

Heap address: 0x0000000704800000, size: 4024 MB, Compressed Oops mode: Zero based, Oop shift amount: 3

CDS archive(s) mapped at: [0x0000000800000000-0x0000000800bd0000-0x0000000800bd0000), size 12386304, SharedBaseAddress: 0x0000000800000000, ArchiveRelocationMode: 0.
Compressed class space mapped at: 0x0000000800c00000-0x0000000840c00000, reserved size: 1073741824
Narrow klass base: 0x0000000800000000, Narrow klass shift: 0, Narrow klass range: 0x100000000

GC Precious Log:
 CPUs: 8 total, 8 available
 Memory: 16092M
 Large Page Support: Disabled
 NUMA Support: Disabled
 Compressed Oops: Enabled (Zero based)
 Heap Region Size: 2M
 Heap Min Capacity: 8M
 Heap Initial Capacity: 252M
 Heap Max Capacity: 4024M
 Pre-touch: Disabled
 Parallel Workers: 8
 Concurrent Workers: 2
 Concurrent Refinement Workers: 8
 Periodic GC: Disabled

Heap:
 garbage-first heap   total 258048K, used 2048K [0x0000000704800000, 0x0000000800000000)
  region size 2048K, 2 young (4096K), 0 survivors (0K)
 Metaspace       used 952K, committed 1152K, reserved 1056768K
  class space    used 74K, committed 192K, reserved 1048576K

Heap Regions: E=young(eden), S=young(survivor), O=old, HS=humongous(starts), HC=humongous(continues), CS=collection set, F=free, OA=open archive, CA=closed archive, TAMS=top-at-mark-start (previous, next)
|   0|0x0000000704800000, 0x0000000704800000, 0x0000000704a00000|  0%| F|  |TAMS 0x0000000704800000, 0x0000000704800000| Untracked 
|   1|0x0000000704a00000, 0x0000000704a00000, 0x0000000704c00000|  0%| F|  |TAMS 0x0000000704a00000, 0x0000000704a00000| Untracked 
|   2|0x0000000704c00000, 0x0000000704c00000, 0x0000000704e00000|  0%| F|  |TAMS 0x0000000704c00000, 0x0000000704c00000| Untracked 
|   3|0x0000000704e00000, 0x0000000704e00000, 0x0000000705000000|  0%| F|  |TAMS 0x0000000704e00000, 0x0000000704e00000| Untracked 
|   4|0x0000000705000000, 0x0000000705000000, 0x0000000705200000|  0%| F|  |TAMS 0x0000000705000000, 0x0000000705000000| Untracked 
|   5|0x0000000705200000, 0x0000000705200000, 0x0000000705400000|  0%| F|  |TAMS 0x0000000705200000, 0x0000000705200000| Untracked 
|   6|0x0000000705400000, 0x0000000705400000, 0x0000000705600000|  0%| F|  |TAMS 0x0000000705400000, 0x0000000705400000| Untracked 
|   7|0x0000000705600000, 0x0000000705600000, 0x0000000705800000|  0%| F|  |TAMS 0x0000000705600000, 0x0000000705600000| Untracked 
|   8|0x0000000705800000, 0x0000000705800000, 0x0000000705a00000|  0%| F|  |TAMS 0x0000000705800000, 0x0000000705800000| Untracked 
|   9|0x0000000705a00000, 0x0000000705a00000, 0x0000000705c00000|  0%| F|  |TAMS 0x0000000705a00000, 0x0000000705a00000| Untracked 
|  10|0x0000000705c00000, 0x0000000705c00000, 0x0000000705e00000|  0%| F|  |TAMS 0x0000000705c00000, 0x0000000705c00000| Untracked 
|  11|0x0000000705e00000, 0x0000000705e00000, 0x0000000706000000|  0%| F|  |TAMS 0x0000000705e00000, 0x0000000705e00000| Untracked 
|  12|0x0000000706000000, 0x0000000706000000, 0x0000000706200000|  0%| F|  |TAMS 0x0000000706000000, 0x0000000706000000| Untracked 
|  13|0x0000000706200000, 0x0000000706200000, 0x0000000706400000|  0%| F|  |TAMS 0x0000000706200000, 0x0000000706200000| Untracked 
|  14|0x0000000706400000, 0x0000000706400000, 0x0000000706600000|  0%| F|  |TAMS 0x0000000706400000, 0x0000000706400000| Untracked 
|  15|0x0000000706600000, 0x0000000706600000, 0x0000000706800000|  0%| F|  |TAMS 0x0000000706600000, 0x0000000706600000| Untracked 
|  16|0x0000000706800000, 0x0000000706800000, 0x0000000706a00000|  0%| F|  |TAMS 0x0000000706800000, 0x0000000706800000| Untracked 
|  17|0x0000000706a00000, 0x0000000706a00000, 0x0000000706c00000|  0%| F|  |TAMS 0x0000000706a00000, 0x0000000706a00000| Untracked 
|  18|0x0000000706c00000, 0x0000000706c00000, 0x0000000706e00000|  0%| F|  |TAMS 0x0000000706c00000, 0x0000000706c00000| Untracked 
|  19|0x0000000706e00000, 0x0000000706e00000, 0x0000000707000000|  0%| F|  |TAMS 0x0000000706e00000, 0x0000000706e00000| Untracked 
|  20|0x0000000707000000, 0x0000000707000000, 0x0000000707200000|  0%| F|  |TAMS 0x0000000707000000, 0x0000000707000000| Untracked 
|  21|0x0000000707200000, 0x0000000707200000, 0x0000000707400000|  0%| F|  |TAMS 0x0000000707200000, 0x0000000707200000| Untracked 
|  22|0x0000000707400000, 0x0000000707400000, 0x0000000707600000|  0%| F|  |TAMS 0x0000000707400000, 0x0000000707400000| Untracked 
|  23|0x0000000707600000, 0x0000000707600000, 0x0000000707800000|  0%| F|  |TAMS 0x0000000707600000, 0x0000000707600000| Untracked 
|  24|0x0000000707800000, 0x0000000707800000, 0x0000000707a00000|  0%| F|  |TAMS 0x0000000707800000, 0x0000000707800000| Untracked 
|  25|0x0000000707a00000, 0x0000000707a00000, 0x0000000707c00000|  0%| F|  |TAMS 0x0000000707a00000, 0x0000000707a00000| Untracked 
|  26|0x0000000707c00000, 0x0000000707c00000, 0x0000000707e00000|  0%| F|  |TAMS 0x0000000707c00000, 0x0000000707c00000| Untracked 
|  27|0x0000000707e00000, 0x0000000707e00000, 0x0000000708000000|  0%| F|  |TAMS 0x0000000707e00000, 0x0000000707e00000| Untracked 
|  28|0x0000000708000000, 0x0000000708000000, 0x0000000708200000|  0%| F|  |TAMS 0x0000000708000000, 0x0000000708000000| Untracked 
|  29|0x0000000708200000, 0x0000000708200000, 0x0000000708400000|  0%| F|  |TAMS 0x0000000708200000, 0x0000000708200000| Untracked 
|  30|0x0000000708400000, 0x0000000708400000, 0x0000000708600000|  0%| F|  |TAMS 0x0000000708400000, 0x0000000708400000| Untracked 
|  31|0x0000000708600000, 0x0000000708600000, 0x0000000708800000|  0%| F|  |TAMS 0x0000000708600000, 0x0000000708600000| Untracked 
|  32|0x0000000708800000, 0x0000000708800000, 0x0000000708a00000|  0%| F|  |TAMS 0x0000000708800000, 0x0000000708800000| Untracked 
|  33|0x0000000708a00000, 0x0000000708a00000, 0x0000000708c00000|  0%| F|  |TAMS 0x0000000708a00000, 0x0000000708a00000| Untracked 
|  34|0x0000000708c00000, 0x0000000708c00000, 0x0000000708e00000|  0%| F|  |TAMS 0x0000000708c00000, 0x0000000708c00000| Untracked 
|  35|0x0000000708e00000, 0x0000000708e00000, 0x0000000709000000|  0%| F|  |TAMS 0x0000000708e00000, 0x0000000708e00000| Untracked 
|  36|0x0000000709000000, 0x0000000709000000, 0x0000000709200000|  0%| F|  |TAMS 0x0000000709000000, 0x0000000709000000| Untracked 
|  37|0x0000000709200000, 0x0000000709200000, 0x0000000709400000|  0%| F|  |TAMS 0x0000000709200000, 0x0000000709200000| Untracked 
|  38|0x0000000709400000, 0x0000000709400000, 0x0000000709600000|  0%| F|  |TAMS 0x0000000709400000, 0x0000000709400000| Untracked 
|  39|0x0000000709600000, 0x0000000709600000, 0x0000000709800000|  0%| F|  |TAMS 0x0000000709600000, 0x0000000709600000| Untracked 
|  40|0x0000000709800000, 0x0000000709800000, 0x0000000709a00000|  0%| F|  |TAMS 0x0000000709800000, 0x0000000709800000| Untracked 
|  41|0x0000000709a00000, 0x0000000709a00000, 0x0000000709c00000|  0%| F|  |TAMS 0x0000000709a00000, 0x0000000709a00000| Untracked 
|  42|0x0000000709c00000, 0x0000000709c00000, 0x0000000709e00000|  0%| F|  |TAMS 0x0000000709c00000, 0x0000000709c00000| Untracked 
|  43|0x0000000709e00000, 0x0000000709e00000, 0x000000070a000000|  0%| F|  |TAMS 0x0000000709e00000, 0x0000000709e00000| Untracked 
|  44|0x000000070a000000, 0x000000070a000000, 0x000000070a200000|  0%| F|  |TAMS 0x000000070a000000, 0x000000070a000000| Untracked 
|  45|0x000000070a200000, 0x000000070a200000, 0x000000070a400000|  0%| F|  |TAMS 0x000000070a200000, 0x000000070a200000| Untracked 
|  46|0x000000070a400000, 0x000000070a400000, 0x000000070a600000|  0%| F|  |TAMS 0x000000070a400000, 0x000000070a400000| Untracked 
|  47|0x000000070a600000, 0x000000070a600000, 0x000000070a800000|  0%| F|  |TAMS 0x000000070a600000, 0x000000070a600000| Untracked 
|  48|0x000000070a800000, 0x000000070a800000, 0x000000070aa00000|  0%| F|  |TAMS 0x000000070a800000, 0x000000070a800000| Untracked 
|  49|0x000000070aa00000, 0x000000070aa00000, 0x000000070ac00000|  0%| F|  |TAMS 0x000000070aa00000, 0x000000070aa00000| Untracked 
|  50|0x000000070ac00000, 0x000000070ac00000, 0x000000070ae00000|  0%| F|  |TAMS 0x000000070ac00000, 0x000000070ac00000| Untracked 
|  51|0x000000070ae00000, 0x000000070ae00000, 0x000000070b000000|  0%| F|  |TAMS 0x000000070ae00000, 0x000000070ae00000| Untracked 
|  52|0x000000070b000000, 0x000000070b000000, 0x000000070b200000|  0%| F|  |TAMS 0x000000070b000000, 0x000000070b000000| Untracked 
|  53|0x000000070b200000, 0x000000070b200000, 0x000000070b400000|  0%| F|  |TAMS 0x000000070b200000, 0x000000070b200000| Untracked 
|  54|0x000000070b400000, 0x000000070b400000, 0x000000070b600000|  0%| F|  |TAMS 0x000000070b400000, 0x000000070b400000| Untracked 
|  55|0x000000070b600000, 0x000000070b600000, 0x000000070b800000|  0%| F|  |TAMS 0x000000070b600000, 0x000000070b600000| Untracked 
|  56|0x000000070b800000, 0x000000070b800000, 0x000000070ba00000|  0%| F|  |TAMS 0x000000070b800000, 0x000000070b800000| Untracked 
|  57|0x000000070ba00000, 0x000000070ba00000, 0x000000070bc00000|  0%| F|  |TAMS 0x000000070ba00000, 0x000000070ba00000| Untracked 
|  58|0x000000070bc00000, 0x000000070bc00000, 0x000000070be00000|  0%| F|  |TAMS 0x000000070bc00000, 0x000000070bc00000| Untracked 
|  59|0x000000070be00000, 0x000000070be00000, 0x000000070c000000|  0%| F|  |TAMS 0x000000070be00000, 0x000000070be00000| Untracked 
|  60|0x000000070c000000, 0x000000070c000000, 0x000000070c200000|  0%| F|  |TAMS 0x000000070c000000, 0x000000070c000000| Untracked 
|  61|0x000000070c200000, 0x000000070c200000, 0x000000070c400000|  0%| F|  |TAMS 0x000000070c200000, 0x000000070c200000| Untracked 
|  62|0x000000070c400000, 0x000000070c400000, 0x000000070c600000|  0%| F|  |TAMS 0x000000070c400000, 0x000000070c400000| Untracked 
|  63|0x000000070c600000, 0x000000070c600000, 0x000000070c800000|  0%| F|  |TAMS 0x000000070c600000, 0x000000070c600000| Untracked 
|  64|0x000000070c800000, 0x000000070c800000, 0x000000070ca00000|  0%| F|  |TAMS 0x000000070c800000, 0x000000070c800000| Untracked 
|  65|0x000000070ca00000, 0x000000070ca00000, 0x000000070cc00000|  0%| F|  |TAMS 0x000000070ca00000, 0x000000070ca00000| Untracked 
|  66|0x000000070cc00000, 0x000000070cc00000, 0x000000070ce00000|  0%| F|  |TAMS 0x000000070cc00000, 0x000000070cc00000| Untracked 
|  67|0x000000070ce00000, 0x000000070ce00000, 0x000000070d000000|  0%| F|  |TAMS 0x000000070ce00000, 0x000000070ce00000| Untracked 
|  68|0x000000070d000000, 0x000000070d000000, 0x000000070d200000|  0%| F|  |TAMS 0x000000070d000000, 0x000000070d000000| Untracked 
|  69|0x000000070d200000, 0x000000070d200000, 0x000000070d400000|  0%| F|  |TAMS 0x000000070d200000, 0x000000070d200000| Untracked 
|  70|0x000000070d400000, 0x000000070d400000, 0x000000070d600000|  0%| F|  |TAMS 0x000000070d400000, 0x000000070d400000| Untracked 
|  71|0x000000070d600000, 0x000000070d600000, 0x000000070d800000|  0%| F|  |TAMS 0x000000070d600000, 0x000000070d600000| Untracked 
|  72|0x000000070d800000, 0x000000070d800000, 0x000000070da00000|  0%| F|  |TAMS 0x000000070d800000, 0x000000070d800000| Untracked 
|  73|0x000000070da00000, 0x000000070da00000, 0x000000070dc00000|  0%| F|  |TAMS 0x000000070da00000, 0x000000070da00000| Untracked 
|  74|0x000000070dc00000, 0x000000070dc00000, 0x000000070de00000|  0%| F|  |TAMS 0x000000070dc00000, 0x000000070dc00000| Untracked 
|  75|0x000000070de00000, 0x000000070de00000, 0x000000070e000000|  0%| F|  |TAMS 0x000000070de00000, 0x000000070de00000| Untracked 
|  76|0x000000070e000000, 0x000000070e000000, 0x000000070e200000|  0%| F|  |TAMS 0x000000070e000000, 0x000000070e000000| Untracked 
|  77|0x000000070e200000, 0x000000070e200000, 0x000000070e400000|  0%| F|  |TAMS 0x000000070e200000, 0x000000070e200000| Untracked 
|  78|0x000000070e400000, 0x000000070e400000, 0x000000070e600000|  0%| F|  |TAMS 0x000000070e400000, 0x000000070e400000| Untracked 
|  79|0x000000070e600000, 0x000000070e600000, 0x000000070e800000|  0%| F|  |TAMS 0x000000070e600000, 0x000000070e600000| Untracked 
|  80|0x000000070e800000, 0x000000070e800000, 0x000000070ea00000|  0%| F|  |TAMS 0x000000070e800000, 0x000000070e800000| Untracked 
|  81|0x000000070ea00000, 0x000000070ea00000, 0x000000070ec00000|  0%| F|  |TAMS 0x000000070ea00000, 0x000000070ea00000| Untracked 
|  82|0x000000070ec00000, 0x000000070ec00000, 0x000000070ee00000|  0%| F|  |TAMS 0x000000070ec00000, 0x000000070ec00000| Untracked 
|  83|0x000000070ee00000, 0x000000070ee00000, 0x000000070f000000|  0%| F|  |TAMS 0x000000070ee00000, 0x000000070ee00000| Untracked 
|  84|0x000000070f000000, 0x000000070f000000, 0x000000070f200000|  0%| F|  |TAMS 0x000000070f000000, 0x000000070f000000| Untracked 
|  85|0x000000070f200000, 0x000000070f200000, 0x000000070f400000|  0%| F|  |TAMS 0x000000070f200000, 0x000000070f200000| Untracked 
|  86|0x000000070f400000, 0x000000070f400000, 0x000000070f600000|  0%| F|  |TAMS 0x000000070f400000, 0x000000070f400000| Untracked 
|  87|0x000000070f600000, 0x000000070f600000, 0x000000070f800000|  0%| F|  |TAMS 0x000000070f600000, 0x000000070f600000| Untracked 
|  88|0x000000070f800000, 0x000000070f800000, 0x000000070fa00000|  0%| F|  |TAMS 0x000000070f800000, 0x000000070f800000| Untracked 
|  89|0x000000070fa00000, 0x000000070fa00000, 0x000000070fc00000|  0%| F|  |TAMS 0x000000070fa00000, 0x000000070fa00000| Untracked 
|  90|0x000000070fc00000, 0x000000070fc00000, 0x000000070fe00000|  0%| F|  |TAMS 0x000000070fc00000, 0x000000070fc00000| Untracked 
|  91|0x000000070fe00000, 0x000000070fe00000, 0x0000000710000000|  0%| F|  |TAMS 0x000000070fe00000, 0x000000070fe00000| Untracked 
|  92|0x0000000710000000, 0x0000000710000000, 0x0000000710200000|  0%| F|  |TAMS 0x0000000710000000, 0x0000000710000000| Untracked 
|  93|0x0000000710200000, 0x0000000710200000, 0x0000000710400000|  0%| F|  |TAMS 0x0000000710200000, 0x0000000710200000| Untracked 
|  94|0x0000000710400000, 0x0000000710400000, 0x0000000710600000|  0%| F|  |TAMS 0x0000000710400000, 0x0000000710400000| Untracked 
|  95|0x0000000710600000, 0x0000000710600000, 0x0000000710800000|  0%| F|  |TAMS 0x0000000710600000, 0x0000000710600000| Untracked 
|  96|0x0000000710800000, 0x0000000710800000, 0x0000000710a00000|  0%| F|  |TAMS 0x0000000710800000, 0x0000000710800000| Untracked 
|  97|0x0000000710a00000, 0x0000000710a00000, 0x0000000710c00000|  0%| F|  |TAMS 0x0000000710a00000, 0x0000000710a00000| Untracked 
|  98|0x0000000710c00000, 0x0000000710c00000, 0x0000000710e00000|  0%| F|  |TAMS 0x0000000710c00000, 0x0000000710c00000| Untracked 
|  99|0x0000000710e00000, 0x0000000710e00000, 0x0000000711000000|  0%| F|  |TAMS 0x0000000710e00000, 0x0000000710e00000| Untracked 
| 100|0x0000000711000000, 0x0000000711000000, 0x0000000711200000|  0%| F|  |TAMS 0x0000000711000000, 0x0000000711000000| Untracked 
| 101|0x0000000711200000, 0x0000000711200000, 0x0000000711400000|  0%| F|  |TAMS 0x0000000711200000, 0x0000000711200000| Untracked 
| 102|0x0000000711400000, 0x0000000711400000, 0x0000000711600000|  0%| F|  |TAMS 0x0000000711400000, 0x0000000711400000| Untracked 
| 103|0x0000000711600000, 0x0000000711600000, 0x0000000711800000|  0%| F|  |TAMS 0x0000000711600000, 0x0000000711600000| Untracked 
| 104|0x0000000711800000, 0x0000000711800000, 0x0000000711a00000|  0%| F|  |TAMS 0x0000000711800000, 0x0000000711800000| Untracked 
| 105|0x0000000711a00000, 0x0000000711a00000, 0x0000000711c00000|  0%| F|  |TAMS 0x0000000711a00000, 0x0000000711a00000| Untracked 
| 106|0x0000000711c00000, 0x0000000711c00000, 0x0000000711e00000|  0%| F|  |TAMS 0x0000000711c00000, 0x0000000711c00000| Untracked 
| 107|0x0000000711e00000, 0x0000000711e00000, 0x0000000712000000|  0%| F|  |TAMS 0x0000000711e00000, 0x0000000711e00000| Untracked 
| 108|0x0000000712000000, 0x0000000712000000, 0x0000000712200000|  0%| F|  |TAMS 0x0000000712000000, 0x0000000712000000| Untracked 
| 109|0x0000000712200000, 0x0000000712200000, 0x0000000712400000|  0%| F|  |TAMS 0x0000000712200000, 0x0000000712200000| Untracked 
| 110|0x0000000712400000, 0x0000000712400000, 0x0000000712600000|  0%| F|  |TAMS 0x0000000712400000, 0x0000000712400000| Untracked 
| 111|0x0000000712600000, 0x0000000712600000, 0x0000000712800000|  0%| F|  |TAMS 0x0000000712600000, 0x0000000712600000| Untracked 
| 112|0x0000000712800000, 0x0000000712800000, 0x0000000712a00000|  0%| F|  |TAMS 0x0000000712800000, 0x0000000712800000| Untracked 
| 113|0x0000000712a00000, 0x0000000712a00000, 0x0000000712c00000|  0%| F|  |TAMS 0x0000000712a00000, 0x0000000712a00000| Untracked 
| 114|0x0000000712c00000, 0x0000000712c00000, 0x0000000712e00000|  0%| F|  |TAMS 0x0000000712c00000, 0x0000000712c00000| Untracked 
| 115|0x0000000712e00000, 0x0000000712e00000, 0x0000000713000000|  0%| F|  |TAMS 0x0000000712e00000, 0x0000000712e00000| Untracked 
| 116|0x0000000713000000, 0x0000000713000000, 0x0000000713200000|  0%| F|  |TAMS 0x0000000713000000, 0x0000000713000000| Untracked 
| 117|0x0000000713200000, 0x0000000713200000, 0x0000000713400000|  0%| F|  |TAMS 0x0000000713200000, 0x0000000713200000| Untracked 
| 118|0x0000000713400000, 0x0000000713400000, 0x0000000713600000|  0%| F|  |TAMS 0x0000000713400000, 0x0000000713400000| Untracked 
| 119|0x0000000713600000, 0x0000000713600000, 0x0000000713800000|  0%| F|  |TAMS 0x0000000713600000, 0x0000000713600000| Untracked 
| 120|0x0000000713800000, 0x0000000713800000, 0x0000000713a00000|  0%| F|  |TAMS 0x0000000713800000, 0x0000000713800000| Untracked 
| 121|0x0000000713a00000, 0x0000000713a00000, 0x0000000713c00000|  0%| F|  |TAMS 0x0000000713a00000, 0x0000000713a00000| Untracked 
| 122|0x0000000713c00000, 0x0000000713c00000, 0x0000000713e00000|  0%| F|  |TAMS 0x0000000713c00000, 0x0000000713c00000| Untracked 
| 123|0x0000000713e00000, 0x0000000713e00000, 0x0000000714000000|  0%| F|  |TAMS 0x0000000713e00000, 0x0000000713e00000| Untracked 
| 124|0x0000000714000000, 0x00000007141c31d8, 0x0000000714200000| 88%| E|  |TAMS 0x0000000714000000, 0x0000000714000000| Complete 
| 125|0x0000000714200000, 0x0000000714400000, 0x0000000714400000|100%| E|CS|TAMS 0x0000000714200000, 0x0000000714200000| Complete 

Card table byte_map: [0x0000024de4f60000,0x0000024de5740000] _byte_map_base: 0x0000024de173c000

Marking Bits (Prev, Next): (CMBitMap*) 0x0000024dcdc40900, (CMBitMap*) 0x0000024dcdc40940
 Prev Bits: [0x0000024de5f20000, 0x0000024de9e00000)
 Next Bits: [0x0000024de9e00000, 0x0000024dedce0000)

Polling page: 0x0000024dcd3a0000

Metaspace:

Usage:
  Non-class:    878.00 KB used.
      Class:     74.83 KB used.
       Both:    952.83 KB used.

Virtual space:
  Non-class space:        8.00 MB reserved,     960.00 KB ( 12%) committed,  1 nodes.
      Class space:        1.00 GB reserved,     192.00 KB ( <1%) committed,  1 nodes.
             Both:        1.01 GB reserved,       1.12 MB ( <1%) committed. 

Chunk freelists:
   Non-Class:  3.96 MB
       Class:  3.74 MB
        Both:  7.71 MB

MaxMetaspaceSize: unlimited
CompressedClassSpaceSize: 1.00 GB
Initial GC threshold: 21.00 MB
Current GC threshold: 21.00 MB
CDS: on
MetaspaceReclaimPolicy: balanced
 - commit_granule_bytes: 65536.
 - commit_granule_words: 8192.
 - virtual_space_node_default_size: 1048576.
 - enlarge_chunks_in_place: 1.
 - new_chunks_are_fully_committed: 0.
 - uncommit_free_chunks: 1.
 - use_allocation_guard: 0.
 - handle_deallocations: 1.


Internal statistics:

num_allocs_failed_limit: 0.
num_arena_births: 12.
num_arena_deaths: 0.
num_vsnodes_births: 2.
num_vsnodes_deaths: 0.
num_space_committed: 18.
num_space_uncommitted: 0.
num_chunks_returned_to_freelist: 0.
num_chunks_taken_from_freelist: 18.
num_chunk_merges: 0.
num_chunk_splits: 10.
num_chunks_enlarged: 4.
num_purges: 0.
num_inconsistent_stats: 0.

CodeHeap 'non-profiled nmethods': size=120000Kb used=73Kb max_used=73Kb free=119926Kb
 bounds [0x0000024ddcf20000, 0x0000024ddd190000, 0x0000024de4450000]
CodeHeap 'profiled nmethods': size=120000Kb used=288Kb max_used=288Kb free=119711Kb
 bounds [0x0000024dd5450000, 0x0000024dd56c0000, 0x0000024ddc980000]
CodeHeap 'non-nmethods': size=5760Kb used=1134Kb max_used=1153Kb free=4625Kb
 bounds [0x0000024ddc980000, 0x0000024ddcbf0000, 0x0000024ddcf20000]
 total_blobs=643 nmethods=239 adapters=317
 compilation: enabled
              stopped_count=0, restarted_count=0
 full_count=0

Compilation events (20 events):
Event: 1.028 Thread 0x0000024df10ae280 nmethod 232 0x0000024dd5495090 code [0x0000024dd5495260, 0x0000024dd5495658]
Event: 1.028 Thread 0x0000024df10ae280  234       3       java.lang.StringLatin1::inflate (34 bytes)
Event: 1.028 Thread 0x0000024df10ae280 nmethod 234 0x0000024dd5495810 code [0x0000024dd54959c0, 0x0000024dd5495bd8]
Event: 1.028 Thread 0x0000024df10ae280  235       3       java.lang.String::charAt (25 bytes)
Event: 1.028 Thread 0x0000024df10ae280 nmethod 235 0x0000024dd5495d90 code [0x0000024dd5495f80, 0x0000024dd54964b8]
Event: 1.028 Thread 0x0000024df10ae280  237       3       java.lang.StringUTF16::charAt (11 bytes)
Event: 1.028 Thread 0x0000024df10ae280 nmethod 237 0x0000024dd5496710 code [0x0000024dd54968c0, 0x0000024dd5496ac8]
Event: 1.028 Thread 0x0000024df12d14a0  240       4       java.lang.StringUTF16::length (5 bytes)
Event: 1.028 Thread 0x0000024df10ae280  238       3       java.lang.StringUTF16::checkIndex (9 bytes)
Event: 1.028 Thread 0x0000024df10ae280 nmethod 238 0x0000024dd5496c10 code [0x0000024dd5496dc0, 0x0000024dd5496f48]
Event: 1.028 Thread 0x0000024df10ae280  239       3       java.lang.String::checkIndex (48 bytes)
Event: 1.028 Thread 0x0000024df12d14a0 nmethod 240 0x0000024ddcf30210 code [0x0000024ddcf30380, 0x0000024ddcf303f8]
Event: 1.028 Thread 0x0000024df12d14a0  236       4       java.lang.String::isLatin1 (19 bytes)
Event: 1.028 Thread 0x0000024df10ae280 nmethod 239 0x0000024dd5497090 code [0x0000024dd54972e0, 0x0000024dd5497a58]
Event: 1.028 Thread 0x0000024df10ae280  233       3       java.util.Objects::requireNonNull (15 bytes)
Event: 1.028 Thread 0x0000024df10ae280 nmethod 233 0x0000024dd5497d90 code [0x0000024dd5497f40, 0x0000024dd5498128]
Event: 1.029 Thread 0x0000024df12d14a0 nmethod 236 0x0000024ddcf30510 code [0x0000024ddcf30680, 0x0000024ddcf30718]
Event: 1.029 Thread 0x0000024df12d14a0  241       4       java.lang.StringLatin1::charAt (28 bytes)
Event: 1.029 Thread 0x0000024df12d14a0 nmethod 241 0x0000024ddcf30810 code [0x0000024ddcf30980, 0x0000024ddcf30a18]
Event: 1.029 Thread 0x0000024df12d14a0  226       4       java.util.HashMap::put (13 bytes)

GC Heap History (0 events):
No events

Deoptimization events (20 events):
Event: 1.023 Thread 0x0000024df10a6340 Uncommon trap: trap_request=0xffffffde fr.pc=0x0000024ddcf2cba0 relative=0x0000000000000840
Event: 1.023 Thread 0x0000024df10a6340 Uncommon trap: reason=class_check action=maybe_recompile pc=0x0000024ddcf2cba0 method=java.util.HashMap.putVal(ILjava/lang/Object;Ljava/lang/Object;ZZ)Ljava/lang/Object; @ 152 c2
Event: 1.023 Thread 0x0000024df10a6340 DEOPT PACKING pc=0x0000024ddcf2cba0 sp=0x000000fb586fe560
Event: 1.024 Thread 0x0000024df10a6340 DEOPT UNPACKING pc=0x0000024ddc9d5ba3 sp=0x000000fb586fe4e0 mode 2
Event: 1.024 Thread 0x0000024df10a6340 Uncommon trap: trap_request=0xffffffde fr.pc=0x0000024ddcf2cba0 relative=0x0000000000000840
Event: 1.024 Thread 0x0000024df10a6340 Uncommon trap: reason=class_check action=maybe_recompile pc=0x0000024ddcf2cba0 method=java.util.HashMap.putVal(ILjava/lang/Object;Ljava/lang/Object;ZZ)Ljava/lang/Object; @ 152 c2
Event: 1.024 Thread 0x0000024df10a6340 DEOPT PACKING pc=0x0000024ddcf2cba0 sp=0x000000fb586fe560
Event: 1.024 Thread 0x0000024df10a6340 DEOPT UNPACKING pc=0x0000024ddc9d5ba3 sp=0x000000fb586fe4e0 mode 2
Event: 1.024 Thread 0x0000024df10a6340 Uncommon trap: trap_request=0xffffffde fr.pc=0x0000024ddcf2cba0 relative=0x0000000000000840
Event: 1.024 Thread 0x0000024df10a6340 Uncommon trap: reason=class_check action=maybe_recompile pc=0x0000024ddcf2cba0 method=java.util.HashMap.putVal(ILjava/lang/Object;Ljava/lang/Object;ZZ)Ljava/lang/Object; @ 152 c2
Event: 1.024 Thread 0x0000024df10a6340 DEOPT PACKING pc=0x0000024ddcf2cba0 sp=0x000000fb586fe560
Event: 1.024 Thread 0x0000024df10a6340 DEOPT UNPACKING pc=0x0000024ddc9d5ba3 sp=0x000000fb586fe4e0 mode 2
Event: 1.024 Thread 0x0000024df10a6340 Uncommon trap: trap_request=0xffffffde fr.pc=0x0000024ddcf2cba0 relative=0x0000000000000840
Event: 1.024 Thread 0x0000024df10a6340 Uncommon trap: reason=class_check action=maybe_recompile pc=0x0000024ddcf2cba0 method=java.util.HashMap.putVal(ILjava/lang/Object;Ljava/lang/Object;ZZ)Ljava/lang/Object; @ 152 c2
Event: 1.024 Thread 0x0000024df10a6340 DEOPT PACKING pc=0x0000024ddcf2cba0 sp=0x000000fb586fe560
Event: 1.024 Thread 0x0000024df10a6340 DEOPT UNPACKING pc=0x0000024ddc9d5ba3 sp=0x000000fb586fe4e0 mode 2
Event: 1.028 Thread 0x0000024df10a6340 Uncommon trap: trap_request=0xffffff45 fr.pc=0x0000024ddcf2e304 relative=0x0000000000000084
Event: 1.028 Thread 0x0000024df10a6340 Uncommon trap: reason=unstable_if action=reinterpret pc=0x0000024ddcf2e304 method=java.lang.String.charAt(I)C @ 4 c2
Event: 1.028 Thread 0x0000024df10a6340 DEOPT PACKING pc=0x0000024ddcf2e304 sp=0x000000fb586feed0
Event: 1.028 Thread 0x0000024df10a6340 DEOPT UNPACKING pc=0x0000024ddc9d5ba3 sp=0x000000fb586fee70 mode 2

Classes unloaded (0 events):
No events

Classes redefined (0 events):
No events

Internal exceptions (2 events):
Event: 0.082 Thread 0x0000024df1222bd0 Exception <a 'java/lang/NoSuchMethodError'{0x0000000714075b30}: 'java.lang.Object java.lang.invoke.DirectMethodHandle$Holder.invokeStaticInit(java.lang.Object)'> (0x0000000714075b30) 
thrown [s\open\src\hotspot\share\interpreter\linkResolver.cpp, line 759]
Event: 0.086 Thread 0x0000024df1222bd0 Exception <a 'java/lang/NoSuchMethodError'{0x0000000714083b10}: 'void java.lang.invoke.DirectMethodHandle$Holder.invokeStatic(java.lang.Object, java.lang.Object)'> (0x0000000714083b10) 
thrown [s\open\src\hotspot\share\interpreter\linkResolver.cpp, line 759]

VM Operations (2 events):
Event: 0.080 Executing VM operation: HandshakeAllThreads
Event: 0.081 Executing VM operation: HandshakeAllThreads done

Events (20 events):
Event: 1.020 loading class sun/util/cldr/CLDRTimeZoneNameProviderImpl done
Event: 1.021 loading class sun/util/locale/provider/BaseLocaleDataMetaInfo
Event: 1.021 loading class sun/util/locale/provider/BaseLocaleDataMetaInfo done
Event: 1.022 loading class sun/util/resources/cldr/TimeZoneNames
Event: 1.022 loading class sun/util/resources/TimeZoneNamesBundle
Event: 1.022 loading class sun/util/resources/OpenListResourceBundle
Event: 1.022 loading class sun/util/resources/OpenListResourceBundle done
Event: 1.022 loading class sun/util/resources/TimeZoneNamesBundle done
Event: 1.022 loading class sun/util/resources/cldr/TimeZoneNames done
Event: 1.023 loading class sun/util/resources/cldr/TimeZoneNames_en
Event: 1.023 loading class sun/util/resources/cldr/TimeZoneNames_en done
Event: 1.023 loading class sun/util/resources/cldr/TimeZoneNames_en_US
Event: 1.023 loading class sun/util/resources/cldr/TimeZoneNames_en_US done
Event: 1.024 loading class java/util/LinkedHashMap$LinkedKeySet
Event: 1.024 loading class java/util/LinkedHashMap$LinkedKeySet done
Event: 1.024 loading class sun/util/resources/TimeZoneNames
Event: 1.024 loading class sun/util/resources/TimeZoneNames done
Event: 1.024 loading class sun/util/resources/TimeZoneNames_en
Event: 1.024 loading class sun/util/resources/TimeZoneNames_en done
Event: 1.028 Thread 0x0000024df12d14a0 Thread added: 0x0000024df12d14a0


Dynamic libraries:
0x00007ff6619a0000 - 0x00007ff6619b0000 	C:\Program Files\Java\jdk-17\bin\java.exe
0x00007ff94baf0000 - 0x00007ff94bd07000 	C:\WINDOWS\SYSTEM32\ntdll.dll
0x00007ff949b40000 - 0x00007ff949c04000 	C:\WINDOWS\System32\KERNEL32.DLL
0x00007ff948f30000 - 0x00007ff9492dd000 	C:\WINDOWS\System32\KERNELBASE.dll
0x00007ff949310000 - 0x00007ff949421000 	C:\WINDOWS\System32\ucrtbase.dll
0x00007ff935d50000 - 0x00007ff935d69000 	C:\Program Files\Java\jdk-17\bin\jli.dll
0x00007ff934510000 - 0x00007ff93452b000 	C:\Program Files\Java\jdk-17\bin\VCRUNTIME140.dll
0x00007ff949f50000 - 0x00007ff94a002000 	C:\WINDOWS\System32\ADVAPI32.dll
0x00007ff949a00000 - 0x00007ff949aa7000 	C:\WINDOWS\System32\msvcrt.dll
0x00007ff94b300000 - 0x00007ff94b3a9000 	C:\WINDOWS\System32\sechost.dll
0x00007ff9496b0000 - 0x00007ff9496d8000 	C:\WINDOWS\System32\bcrypt.dll
0x00007ff949dd0000 - 0x00007ff949ee4000 	C:\WINDOWS\System32\RPCRT4.dll
0x00007ff94aa00000 - 0x00007ff94abae000 	C:\WINDOWS\System32\USER32.dll
0x00007ff9492e0000 - 0x00007ff949306000 	C:\WINDOWS\System32\win32u.dll
0x00007ff94b3b0000 - 0x00007ff94b3d9000 	C:\WINDOWS\System32\GDI32.dll
0x00007ff948e10000 - 0x00007ff948f29000 	C:\WINDOWS\System32\gdi32full.dll
0x00007ff926af0000 - 0x00007ff926d83000 	C:\WINDOWS\WinSxS\amd64_microsoft.windows.common-controls_6595b64144ccf1df_6.0.22621.3672_none_2713b9d173822955\COMCTL32.dll
0x00007ff949610000 - 0x00007ff9496aa000 	C:\WINDOWS\System32\msvcp_win.dll
0x00007ff93db50000 - 0x00007ff93db5a000 	C:\WINDOWS\SYSTEM32\VERSION.dll
0x00007ff94b3e0000 - 0x00007ff94b411000 	C:\WINDOWS\System32\IMM32.DLL
0x00007ff942a30000 - 0x00007ff942a3c000 	C:\Program Files\Java\jdk-17\bin\vcruntime140_1.dll
0x00007ff92a310000 - 0x00007ff92a39e000 	C:\Program Files\Java\jdk-17\bin\msvcp140.dll
0x00007ff8d4380000 - 0x00007ff8d4f5d000 	C:\Program Files\Java\jdk-17\bin\server\jvm.dll
0x00007ff949820000 - 0x00007ff949828000 	C:\WINDOWS\System32\PSAPI.DLL
0x00007ff930cf0000 - 0x00007ff930cf9000 	C:\WINDOWS\SYSTEM32\WSOCK32.dll
0x00007ff946a40000 - 0x00007ff946a74000 	C:\WINDOWS\SYSTEM32\WINMM.dll
0x00007ff94b590000 - 0x00007ff94b601000 	C:\WINDOWS\System32\WS2_32.dll
0x00007ff947f50000 - 0x00007ff947f68000 	C:\WINDOWS\SYSTEM32\kernel.appcore.dll
0x00007ff9346f0000 - 0x00007ff9346fa000 	C:\Program Files\Java\jdk-17\bin\jimage.dll
0x00007ff9465f0000 - 0x00007ff946822000 	C:\WINDOWS\SYSTEM32\DBGHELP.DLL
0x00007ff94b610000 - 0x00007ff94b99e000 	C:\WINDOWS\System32\combase.dll
0x00007ff94abb0000 - 0x00007ff94ac87000 	C:\WINDOWS\System32\OLEAUT32.dll
0x00007ff9469e0000 - 0x00007ff946a12000 	C:\WINDOWS\SYSTEM32\dbgcore.DLL
0x00007ff9497a0000 - 0x00007ff94981b000 	C:\WINDOWS\System32\bcryptPrimitives.dll
0x00007ff933eb0000 - 0x00007ff933ebe000 	C:\Program Files\Java\jdk-17\bin\instrument.dll
0x00007ff934330000 - 0x00007ff934355000 	C:\Program Files\Java\jdk-17\bin\java.dll
0x00007ff915640000 - 0x00007ff915717000 	C:\Program Files\Java\jdk-17\bin\jsvml.dll
0x00007ff94a090000 - 0x00007ff94a8f7000 	C:\WINDOWS\System32\SHELL32.dll
0x00007ff946d90000 - 0x00007ff94768f000 	C:\WINDOWS\SYSTEM32\windows.storage.dll
0x00007ff946c50000 - 0x00007ff946d8f000 	C:\WINDOWS\SYSTEM32\wintypes.dll
0x00007ff94a900000 - 0x00007ff94a9f9000 	C:\WINDOWS\System32\SHCORE.dll
0x00007ff949ef0000 - 0x00007ff949f4e000 	C:\WINDOWS\System32\shlwapi.dll
0x00007ff948d40000 - 0x00007ff948d67000 	C:\WINDOWS\SYSTEM32\profapi.dll
0x00007ff92a2f0000 - 0x00007ff92a308000 	C:\Program Files\Java\jdk-17\bin\zip.dll
0x00007ff932880000 - 0x00007ff932899000 	C:\Program Files\Java\jdk-17\bin\net.dll
0x00007ff9448d0000 - 0x00007ff944a06000 	C:\WINDOWS\SYSTEM32\WINHTTP.dll
0x00007ff9483c0000 - 0x00007ff948429000 	C:\WINDOWS\system32\mswsock.dll
0x00007ff932160000 - 0x00007ff932176000 	C:\Program Files\Java\jdk-17\bin\nio.dll
0x00007ff92a2d0000 - 0x00007ff92a2ea000 	C:\Program Files\JetBrains\IntelliJ IDEA 2023.1.3\bin\breakgen64.dll

dbghelp: loaded successfully - version: 4.0.5 - missing functions: none
symbol engine: initialized successfully - sym options: 0x614 - pdb path: .;C:\Program Files\Java\jdk-17\bin;C:\WINDOWS\SYSTEM32;C:\WINDOWS\WinSxS\amd64_microsoft.windows.common-controls_6595b64144ccf1df_6.0.22621.3672_none_2713b9d173822955;C:\Program Files\Java\jdk-17\bin\server;C:\Program Files\JetBrains\IntelliJ IDEA 2023.1.3\bin

VM Arguments:
jvm_args: -javaagent:C:\Program Files\JetBrains\IntelliJ IDEA 2023.1.3\lib\idea_rt.jar=50937:C:\Program Files\JetBrains\IntelliJ IDEA 2023.1.3\bin -Dfile.encoding=UTF-8 
java_command: BJ_0x0D_check.BJ_11559
java_class_path (initial): C:\Users\82108\Desktop\Algorithm_JAVA\Algorithm_JAVA\out\production\Algorithm_JAVA
Launcher Type: SUN_STANDARD

[Global flags]
     intx CICompilerCount                          = 4                                         {product} {ergonomic}
     uint ConcGCThreads                            = 2                                         {product} {ergonomic}
     uint G1ConcRefinementThreads                  = 8                                         {product} {ergonomic}
   size_t G1HeapRegionSize                         = 2097152                                   {product} {ergonomic}
    uintx GCDrainStackTargetSize                   = 64                                        {product} {ergonomic}
   size_t InitialHeapSize                          = 264241152                                 {product} {ergonomic}
   size_t MarkStackSize                            = 4194304                                   {product} {ergonomic}
   size_t MaxHeapSize                              = 4219469824                                {product} {ergonomic}
   size_t MaxNewSize                               = 2531262464                                {product} {ergonomic}
   size_t MinHeapDeltaBytes                        = 2097152                                   {product} {ergonomic}
   size_t MinHeapSize                              = 8388608                                   {product} {ergonomic}
    uintx NonNMethodCodeHeapSize                   = 5839372                                {pd product} {ergonomic}
    uintx NonProfiledCodeHeapSize                  = 122909434                              {pd product} {ergonomic}
    uintx ProfiledCodeHeapSize                     = 122909434                              {pd product} {ergonomic}
    uintx ReservedCodeCacheSize                    = 251658240                              {pd product} {ergonomic}
     bool SegmentedCodeCache                       = true                                      {product} {ergonomic}
   size_t SoftMaxHeapSize                          = 4219469824                             {manageable} {ergonomic}
     bool UseCompressedClassPointers               = true                           {product lp64_product} {ergonomic}
     bool UseCompressedOops                        = true                           {product lp64_product} {ergonomic}
     bool UseG1GC                                  = true                                      {product} {ergonomic}
     bool UseLargePagesIndividualAllocation        = false                                  {pd product} {ergonomic}

Logging:
Log output configuration:
 #0: stdout all=warning uptime,level,tags
 #1: stderr all=off uptime,level,tags

Environment Variables:
JAVA_HOME=C:\Program Files\Java\jdk-17
CLASSPATH=C:\Program Files\Java\jdk-17\lib
PATH=C:\Program Files\Java\jdk-17\bin;C:\Program Files\Common Files\Oracle\Java\javapath;C:\WINDOWS\system32;C:\WINDOWS;C:\WINDOWS\System32\Wbem;C:\WINDOWS\System32\WindowsPowerShell\v1.0\;C:\WINDOWS\System32\OpenSSH\;C:\Program Files\Git\cmd;C:\Program Files\Java\jdk-17\bin;C:\Program Files\ojdkbuild\java-11-openjdk-11.0.15-1\bin;C:\Users\82108\Desktop\¹Ú¼­Çö\apache-maven-3.9.3\bin;C:\Program Files\nodejs\;C:\Users\82108\AppData\Local\Microsoft\WindowsApps;C:\Users\82108\AppData\Local\Programs\Microsoft VS Code\bin;C:\Program Files\JetBrains\IntelliJ IDEA Community Edition 2022.3.1\bin;;C:\Program Files\JetBrains\IntelliJ IDEA 2023.1.3\bin;;C:\Program Files\MySQL\MySQL Server 8.0\bin;C:\Users\82108\AppData\Roaming\npm;C:\Users\82108\Desktop\sh\flutter\bin;C:\Users\82108\Desktop\sh\flutter;
USERNAME=82108
OS=Windows_NT
PROCESSOR_IDENTIFIER=Intel64 Family 6 Model 140 Stepping 2, GenuineIntel



---------------  S Y S T E M  ---------------

OS:
 Windows 11 , 64 bit Build 22621 (10.0.22621.3958)
OS uptime: 25 days 3:09 hours

CPU: total 8 (initial active 8) (4 cores per cpu, 2 threads per core) family 6 model 140 stepping 2 microcode 0x16, cx8, cmov, fxsr, ht, mmx, 3dnowpref, sse, sse2, sse3, ssse3, sse4.1, sse4.2, popcnt, lzcnt, tsc, tscinvbit, avx, avx2, aes, erms, clmul, bmi1, bmi2, adx, avx512f, avx512dq, avx512cd, avx512bw, avx512vl, sha, fma, vzeroupper, avx512_vpopcntdq, avx512_vpclmulqdq, avx512_vaes, avx512_vnni, clflush, clflushopt, clwb, avx512_vbmi2, avx512_vbmi

Memory: 4k page, system-wide physical 16092M (2419M free)
TotalPageFile size 43998M (AvailPageFile size 5M)
current process WorkingSet (physical memory assigned to process): 41M, peak: 41M
current process commit charge ("private bytes"): 344M, peak: 344M

vm_info: Java HotSpot(TM) 64-Bit Server VM (17.0.7+8-LTS-224) for windows-amd64 JRE (17.0.7+8-LTS-224), built on Feb 28 2023 23:03:02 by "mach5one" with MS VC++ 17.1 (VS2022)

END.
