#
# There is insufficient memory for the Java Runtime Environment to continue.
# Native memory allocation (mmap) failed to map 4128768 bytes for G1 virtual space
# Possible reasons:
#   The system is out of physical RAM or swap space
#   The process is running with CompressedOops enabled, and the Java Heap may be blocking the growth of the native heap
# Possible solutions:
#   Reduce memory load on the system
#   Increase physical memory or swap space
#   Check if swap backing store is full
#   Decrease Java heap size (-Xmx/-Xms)
#   Decrease number of Java threads
#   Decrease Java thread stack sizes (-Xss)
#   Set larger code cache with -XX:ReservedCodeCacheSize=
#   JVM is running with Zero Based Compressed Oops mode in which the Java heap is
#     placed in the first 32GB address space. The Java Heap base address is the
#     maximum limit for the native heap growth. Please use -XX:HeapBaseMinAddress
#     to set the Java Heap base and to place the Java Heap above 32GB virtual address.
# This output file may be truncated or incomplete.
#
#  Out of Memory Error (os_windows.cpp:3550), pid=27444, tid=24196
#
# JRE version:  (17.0.7+8) (build )
# Java VM: Java HotSpot(TM) 64-Bit Server VM (17.0.7+8-LTS-224, mixed mode, sharing, tiered, compressed oops, compressed class ptrs, g1 gc, windows-amd64)
# No core dump will be written. Minidumps are not enabled by default on client versions of Windows
#

---------------  S U M M A R Y ------------

Command Line: -agentlib:jdwp=transport=dt_socket,address=127.0.0.1:50988,suspend=y,server=n -Dfile.encoding=UTF-8 BJ_0x0D_check.BJ_11559

Host: 11th Gen Intel(R) Core(TM) i7-1195G7 @ 2.90GHz, 8 cores, 15G,  Windows 11 , 64 bit Build 22621 (10.0.22621.3958)
Time: Sun Oct  6 16:27:53 2024  Windows 11 , 64 bit Build 22621 (10.0.22621.3958) elapsed time: 0.013658 seconds (0d 0h 0m 0s)

---------------  T H R E A D  ---------------

Current thread (0x000001e978a90420):  JavaThread "Unknown thread" [_thread_in_vm, id=24196, stack(0x00000017cc600000,0x00000017cc700000)]

Stack: [0x00000017cc600000,0x00000017cc700000]
Native frames: (J=compiled Java code, j=interpreted, Vv=VM code, C=native code)
V  [jvm.dll+0x676a4a]
V  [jvm.dll+0x7d74f4]
V  [jvm.dll+0x7d8c9e]
V  [jvm.dll+0x7d9303]
V  [jvm.dll+0x2452c5]
V  [jvm.dll+0x6738f9]
V  [jvm.dll+0x668232]
V  [jvm.dll+0x302826]
V  [jvm.dll+0x309da6]
V  [jvm.dll+0x359543]
V  [jvm.dll+0x35975f]
V  [jvm.dll+0x2d9a38]
V  [jvm.dll+0x2da9a4]
V  [jvm.dll+0x7a8fb1]
V  [jvm.dll+0x3670e1]
V  [jvm.dll+0x788359]
V  [jvm.dll+0x3ea5ef]
V  [jvm.dll+0x3ec071]
C  [jli.dll+0x5297]
C  [ucrtbase.dll+0x29333]
C  [KERNEL32.DLL+0x1257d]
C  [ntdll.dll+0x5af28]


---------------  P R O C E S S  ---------------

Threads class SMR info:
_java_thread_list=0x00007ff8d4e34998, length=0, elements={
}

Java Threads: ( => current thread )

Other Threads:
  0x000001e978afdba0 GCTaskThread "GC Thread#0" [stack: 0x00000017cc700000,0x00000017cc800000] [id=14788]
  0x000001e978b0f570 ConcurrentGCThread "G1 Main Marker" [stack: 0x00000017cc800000,0x00000017cc900000] [id=14568]
  0x000001e978b10620 ConcurrentGCThread "G1 Conc#0" [stack: 0x00000017cc900000,0x00000017cca00000] [id=13412]

[error occurred during error reporting (printing all threads), id 0xc0000005, EXCEPTION_ACCESS_VIOLATION (0xc0000005) at pc=0x00007ff8d466a697]

VM state: not at safepoint (not fully initialized)

VM Mutex/Monitor currently owned by a thread:  ([mutex/lock_event])
[0x000001e978a8b730] Heap_lock - owner thread: 0x000001e978a90420

Heap address: 0x0000000704800000, size: 4024 MB, Compressed Oops mode: Zero based, Oop shift amount: 3

CDS archive(s) mapped at: [0x0000000000000000-0x0000000000000000-0x0000000000000000), size 0, SharedBaseAddress: 0x0000000800000000, ArchiveRelocationMode: 0.
Narrow klass base: 0x0000000000000000, Narrow klass shift: 0, Narrow klass range: 0x0

GC Precious Log:
<Empty>

Heap:
 garbage-first heap   total 0K, used 0K [0x0000000704800000, 0x0000000800000000)
  region size 2048K, 0 young (0K), 0 survivors (0K)

[error occurred during error reporting (printing heap information), id 0xc0000005, EXCEPTION_ACCESS_VIOLATION (0xc0000005) at pc=0x00007ff8d4a500b9]

GC Heap History (0 events):
No events

Deoptimization events (0 events):
No events

Classes unloaded (0 events):
No events

Classes redefined (0 events):
No events

Internal exceptions (0 events):
No events

VM Operations (0 events):
No events

Events (1 events):
Event: 0.010 Loaded shared library C:\Program Files\Java\jdk-17\bin\java.dll


Dynamic libraries:
0x00007ff6619a0000 - 0x00007ff6619b0000 	C:\Program Files\Java\jdk-17\bin\java.exe
0x00007ff94baf0000 - 0x00007ff94bd07000 	C:\WINDOWS\SYSTEM32\ntdll.dll
0x00007ff949b40000 - 0x00007ff949c04000 	C:\WINDOWS\System32\KERNEL32.DLL
0x00007ff948f30000 - 0x00007ff9492dd000 	C:\WINDOWS\System32\KERNELBASE.dll
0x00007ff949310000 - 0x00007ff949421000 	C:\WINDOWS\System32\ucrtbase.dll
0x00007ff935d50000 - 0x00007ff935d6b000 	C:\Program Files\Java\jdk-17\bin\VCRUNTIME140.dll
0x00007ff934510000 - 0x00007ff934529000 	C:\Program Files\Java\jdk-17\bin\jli.dll
0x00007ff949f50000 - 0x00007ff94a002000 	C:\WINDOWS\System32\ADVAPI32.dll
0x00007ff949a00000 - 0x00007ff949aa7000 	C:\WINDOWS\System32\msvcrt.dll
0x00007ff94b300000 - 0x00007ff94b3a9000 	C:\WINDOWS\System32\sechost.dll
0x00007ff9496b0000 - 0x00007ff9496d8000 	C:\WINDOWS\System32\bcrypt.dll
0x00007ff949dd0000 - 0x00007ff949ee4000 	C:\WINDOWS\System32\RPCRT4.dll
0x00007ff94aa00000 - 0x00007ff94abae000 	C:\WINDOWS\System32\USER32.dll
0x00007ff9492e0000 - 0x00007ff949306000 	C:\WINDOWS\System32\win32u.dll
0x00007ff94b3b0000 - 0x00007ff94b3d9000 	C:\WINDOWS\System32\GDI32.dll
0x00007ff926af0000 - 0x00007ff926d83000 	C:\WINDOWS\WinSxS\amd64_microsoft.windows.common-controls_6595b64144ccf1df_6.0.22621.3672_none_2713b9d173822955\COMCTL32.dll
0x00007ff948e10000 - 0x00007ff948f29000 	C:\WINDOWS\System32\gdi32full.dll
0x00007ff949610000 - 0x00007ff9496aa000 	C:\WINDOWS\System32\msvcp_win.dll
0x00007ff93db50000 - 0x00007ff93db5a000 	C:\WINDOWS\SYSTEM32\VERSION.dll
0x00007ff94b3e0000 - 0x00007ff94b411000 	C:\WINDOWS\System32\IMM32.DLL
0x00007ff942a30000 - 0x00007ff942a3c000 	C:\Program Files\Java\jdk-17\bin\vcruntime140_1.dll
0x00007ff92a310000 - 0x00007ff92a39e000 	C:\Program Files\Java\jdk-17\bin\msvcp140.dll
0x00007ff8d4380000 - 0x00007ff8d4f5d000 	C:\Program Files\Java\jdk-17\bin\server\jvm.dll
0x00007ff949820000 - 0x00007ff949828000 	C:\WINDOWS\System32\PSAPI.DLL
0x00007ff946a40000 - 0x00007ff946a74000 	C:\WINDOWS\SYSTEM32\WINMM.dll
0x00007ff930cf0000 - 0x00007ff930cf9000 	C:\WINDOWS\SYSTEM32\WSOCK32.dll
0x00007ff94b590000 - 0x00007ff94b601000 	C:\WINDOWS\System32\WS2_32.dll
0x00007ff947f50000 - 0x00007ff947f68000 	C:\WINDOWS\SYSTEM32\kernel.appcore.dll
0x00007ff934350000 - 0x00007ff93435a000 	C:\Program Files\Java\jdk-17\bin\jimage.dll
0x00007ff9465f0000 - 0x00007ff946822000 	C:\WINDOWS\SYSTEM32\DBGHELP.DLL
0x00007ff94b610000 - 0x00007ff94b99e000 	C:\WINDOWS\System32\combase.dll
0x00007ff94abb0000 - 0x00007ff94ac87000 	C:\WINDOWS\System32\OLEAUT32.dll
0x00007ff9469e0000 - 0x00007ff946a12000 	C:\WINDOWS\SYSTEM32\dbgcore.DLL
0x00007ff9497a0000 - 0x00007ff94981b000 	C:\WINDOWS\System32\bcryptPrimitives.dll
0x00007ff922fc0000 - 0x00007ff922ffb000 	C:\Program Files\Java\jdk-17\bin\jdwp.dll
0x00007ff932150000 - 0x00007ff932175000 	C:\Program Files\Java\jdk-17\bin\java.dll

dbghelp: loaded successfully - version: 4.0.5 - missing functions: none
symbol engine: initialized successfully - sym options: 0x614 - pdb path: .;C:\Program Files\Java\jdk-17\bin;C:\WINDOWS\SYSTEM32;C:\WINDOWS\WinSxS\amd64_microsoft.windows.common-controls_6595b64144ccf1df_6.0.22621.3672_none_2713b9d173822955;C:\Program Files\Java\jdk-17\bin\server

VM Arguments:
jvm_args: -agentlib:jdwp=transport=dt_socket,address=127.0.0.1:50988,suspend=y,server=n -Dfile.encoding=UTF-8 
java_command: BJ_0x0D_check.BJ_11559
java_class_path (initial): C:\Users\82108\Desktop\Algorithm_JAVA\Algorithm_JAVA\out\production\Algorithm_JAVA;C:\Program Files\JetBrains\IntelliJ IDEA 2023.1.3\lib\idea_rt.jar
Launcher Type: SUN_STANDARD

[Global flags]
     intx CICompilerCount                          = 4                                         {product} {ergonomic}
     uint ConcGCThreads                            = 2                                         {product} {ergonomic}
     uint G1ConcRefinementThreads                  = 8                                         {product} {ergonomic}
   size_t G1HeapRegionSize                         = 2097152                                   {product} {ergonomic}
    uintx GCDrainStackTargetSize                   = 64                                        {product} {ergonomic}
   size_t InitialHeapSize                          = 264241152                                 {product} {ergonomic}
   size_t MarkStackSize                            = 4194304                                   {product} {ergonomic}
   size_t MaxHeapSize                              = 4219469824                                {product} {ergonomic}
   size_t MinHeapDeltaBytes                        = 2097152                                   {product} {ergonomic}
   size_t MinHeapSize                              = 8388608                                   {product} {ergonomic}
    uintx NonNMethodCodeHeapSize                   = 5839372                                {pd product} {ergonomic}
    uintx NonProfiledCodeHeapSize                  = 122909434                              {pd product} {ergonomic}
    uintx ProfiledCodeHeapSize                     = 122909434                              {pd product} {ergonomic}
    uintx ReservedCodeCacheSize                    = 251658240                              {pd product} {ergonomic}
     bool SegmentedCodeCache                       = true                                      {product} {ergonomic}
   size_t SoftMaxHeapSize                          = 4219469824                             {manageable} {ergonomic}
     bool UseCompressedClassPointers               = true                           {product lp64_product} {ergonomic}
     bool UseCompressedOops                        = true                           {product lp64_product} {ergonomic}
     bool UseG1GC                                  = true                                      {product} {ergonomic}
     bool UseLargePagesIndividualAllocation        = false                                  {pd product} {ergonomic}

Logging:
Log output configuration:
 #0: stdout all=warning uptime,level,tags
 #1: stderr all=off uptime,level,tags

Environment Variables:
JAVA_HOME=C:\Program Files\Java\jdk-17
CLASSPATH=C:\Program Files\Java\jdk-17\lib
PATH=C:\Program Files\Java\jdk-17\bin;C:\Program Files\Common Files\Oracle\Java\javapath;C:\WINDOWS\system32;C:\WINDOWS;C:\WINDOWS\System32\Wbem;C:\WINDOWS\System32\WindowsPowerShell\v1.0\;C:\WINDOWS\System32\OpenSSH\;C:\Program Files\Git\cmd;C:\Program Files\Java\jdk-17\bin;C:\Program Files\ojdkbuild\java-11-openjdk-11.0.15-1\bin;C:\Users\82108\Desktop\¹Ú¼­Çö\apache-maven-3.9.3\bin;C:\Program Files\nodejs\;C:\Users\82108\AppData\Local\Microsoft\WindowsApps;C:\Users\82108\AppData\Local\Programs\Microsoft VS Code\bin;C:\Program Files\JetBrains\IntelliJ IDEA Community Edition 2022.3.1\bin;;C:\Program Files\JetBrains\IntelliJ IDEA 2023.1.3\bin;;C:\Program Files\MySQL\MySQL Server 8.0\bin;C:\Users\82108\AppData\Roaming\npm;C:\Users\82108\Desktop\sh\flutter\bin;C:\Users\82108\Desktop\sh\flutter;
USERNAME=82108
OS=Windows_NT
PROCESSOR_IDENTIFIER=Intel64 Family 6 Model 140 Stepping 2, GenuineIntel



---------------  S Y S T E M  ---------------

OS:
 Windows 11 , 64 bit Build 22621 (10.0.22621.3958)
OS uptime: 25 days 3:19 hours

CPU: total 8 (initial active 8) (4 cores per cpu, 2 threads per core) family 6 model 140 stepping 2 microcode 0x16, cx8, cmov, fxsr, ht, mmx, 3dnowpref, sse, sse2, sse3, ssse3, sse4.1, sse4.2, popcnt, lzcnt, tsc, tscinvbit, avx, avx2, aes, erms, clmul, bmi1, bmi2, adx, avx512f, avx512dq, avx512cd, avx512bw, avx512vl, sha, fma, vzeroupper, avx512_vpopcntdq, avx512_vpclmulqdq, avx512_vaes, avx512_vnni, clflush, clflushopt, clwb, avx512_vbmi2, avx512_vbmi

Memory: 4k page, system-wide physical 16092M (3067M free)
TotalPageFile size 43998M (AvailPageFile size 5M)
current process WorkingSet (physical memory assigned to process): 11M, peak: 11M
current process commit charge ("private bytes"): 312M, peak: 316M

vm_info: Java HotSpot(TM) 64-Bit Server VM (17.0.7+8-LTS-224) for windows-amd64 JRE (17.0.7+8-LTS-224), built on Feb 28 2023 23:03:02 by "mach5one" with MS VC++ 17.1 (VS2022)

END.
